-------------------------------------------------------------------------------
Test set: com.AppTest
-------------------------------------------------------------------------------
Tests run: 2, Failures: 1, Errors: 0, Skipped: 0, Time elapsed: 0.034 s <<< FAILURE! - in com.AppTest
testAddMethod(com.AppTest)  Time elapsed: 0.004 s  <<< FAILURE!
java.lang.AssertionError: expected:<50> but was:<30>
	at com.AppTest.testAddMethod(AppTest.java:25)

